0 info it worked if it ends with ok
1 verbose cli [ 'C:\\Program Files\\nodejs\\node.exe',
1 verbose cli   'C:\\Program Files\\nodejs\\node_modules\\npm\\bin\\npm-cli.js',
1 verbose cli   'run',
1 verbose cli   'build' ]
2 info using npm@3.10.10
3 info using node@v6.11.0
4 verbose run-script [ 'prebuild', 'build', 'postbuild' ]
5 info lifecycle openfin-workspace--register-with-home@5.0.0~prebuild: openfin-workspace--register-with-home@5.0.0
6 silly lifecycle openfin-workspace--register-with-home@5.0.0~prebuild: no script for prebuild, continuing
7 info lifecycle openfin-workspace--register-with-home@5.0.0~build: openfin-workspace--register-with-home@5.0.0
8 verbose lifecycle openfin-workspace--register-with-home@5.0.0~build: unsafe-perm in lifecycle true
9 verbose lifecycle openfin-workspace--register-with-home@5.0.0~build: PATH: C:\Users\jesus.cabrera\AppData\Roaming\nvm\v6.11.0\node_modules\npm\bin\node-gyp-bin;C:\Users\jesus.cabrera\Documents\workspace-starter-v4\workspace-starter\how-to\register-with-home\node_modules\.bin;C:\Program Files (x86)\Parallels\Parallels Tools\Applications;C:\Windows\system32;C:\Windows;C:\Windows\System32\Wbem;C:\Windows\System32\WindowsPowerShell\v1.0\;C:\Windows\System32\OpenSSH\;C:\Users\jesus.cabrera\AppData\Roaming\nvm;C:\Program Files\nodejs;C:\Program Files\Git\cmd;C:\Users\jesus.cabrera\AppData\Local\Microsoft\WindowsApps;C:\Users\jesus.cabrera\AppData\Roaming\nvm;C:\Program Files\nodejs;C:\Users\jesus.cabrera\AppData\Local\Programs\Microsoft VS Code\bin
10 verbose lifecycle openfin-workspace--register-with-home@5.0.0~build: CWD: C:\Users\jesus.cabrera\Documents\workspace-starter-v4\workspace-starter\how-to\register-with-home
11 silly lifecycle openfin-workspace--register-with-home@5.0.0~build: Args: [ '/d /s /c', 'npm run build-server & npm run build-client' ]
12 silly lifecycle openfin-workspace--register-with-home@5.0.0~build: Returned: code: 1  signal: null
13 info lifecycle openfin-workspace--register-with-home@5.0.0~build: Failed to exec build script
14 verbose stack Error: openfin-workspace--register-with-home@5.0.0 build: `npm run build-server & npm run build-client`
14 verbose stack Exit status 1
14 verbose stack     at EventEmitter.<anonymous> (C:\Users\jesus.cabrera\AppData\Roaming\nvm\v6.11.0\node_modules\npm\lib\utils\lifecycle.js:255:16)
14 verbose stack     at emitTwo (events.js:106:13)
14 verbose stack     at EventEmitter.emit (events.js:191:7)
14 verbose stack     at ChildProcess.<anonymous> (C:\Users\jesus.cabrera\AppData\Roaming\nvm\v6.11.0\node_modules\npm\lib\utils\spawn.js:40:14)
14 verbose stack     at emitTwo (events.js:106:13)
14 verbose stack     at ChildProcess.emit (events.js:191:7)
14 verbose stack     at maybeClose (internal/child_process.js:891:16)
14 verbose stack     at Process.ChildProcess._handle.onexit (internal/child_process.js:226:5)
15 verbose pkgid openfin-workspace--register-with-home@5.0.0
16 verbose cwd C:\Users\jesus.cabrera\Documents\workspace-starter-v4\workspace-starter\how-to\register-with-home
17 error Windows_NT 10.0.19043
18 error argv "C:\\Program Files\\nodejs\\node.exe" "C:\\Program Files\\nodejs\\node_modules\\npm\\bin\\npm-cli.js" "run" "build"
19 error node v6.11.0
20 error npm  v3.10.10
21 error code ELIFECYCLE
22 error openfin-workspace--register-with-home@5.0.0 build: `npm run build-server & npm run build-client`
22 error Exit status 1
23 error Failed at the openfin-workspace--register-with-home@5.0.0 build script 'npm run build-server & npm run build-client'.
23 error Make sure you have the latest version of node.js and npm installed.
23 error If you do, this is most likely a problem with the openfin-workspace--register-with-home package,
23 error not with npm itself.
23 error Tell the author that this fails on your system:
23 error     npm run build-server & npm run build-client
23 error You can get information on how to open an issue for this project with:
23 error     npm bugs openfin-workspace--register-with-home
23 error Or if that isn't available, you can get their info via:
23 error     npm owner ls openfin-workspace--register-with-home
23 error There is likely additional logging output above.
24 verbose exit [ 1, true ]
